[2021-02-27T23:28:18.007] [DEBUG] cheese - login => username:admin,password:123456
[2021-02-27T23:28:18.011] [DEBUG] cheese - admin
[2021-02-27T23:28:18.056] [DEBUG] cheese - null
[2021-02-27T23:28:18.057] [DEBUG] cheese - null
[2021-03-02T01:47:59.195] [DEBUG] cheese - login => username:admin,password:123456
[2021-03-02T01:47:59.196] [DEBUG] cheese - admin
[2021-03-02T01:47:59.246] [DEBUG] cheese - null
[2021-03-02T01:47:59.247] [DEBUG] cheese - null
[2021-03-02T01:48:08.619] [DEBUG] cheese - login => username:admin0,password:123455
[2021-03-02T01:48:08.619] [DEBUG] cheese - admin0
[2021-03-02T01:48:08.622] [DEBUG] cheese - null
[2021-03-02T01:48:08.622] [DEBUG] cheese - null
[2021-03-02T01:48:15.346] [DEBUG] cheese - login => username:admin,password:123455
[2021-03-02T01:48:15.346] [DEBUG] cheese - admin
[2021-03-02T01:48:15.349] [DEBUG] cheese - null
[2021-03-02T01:48:15.350] [DEBUG] cheese - null
[2021-03-02T01:48:32.609] [DEBUG] cheese - login => username:admin,password:123456
[2021-03-02T01:48:32.609] [DEBUG] cheese - admin
[2021-03-02T01:48:32.611] [DEBUG] cheese - null
[2021-03-02T01:48:32.612] [DEBUG] cheese - null
[2021-03-02T02:05:34.577] [DEBUG] cheese - login => username:admin,password:123456
[2021-03-02T02:05:34.577] [DEBUG] cheese - admin
[2021-03-02T02:05:34.583] [DEBUG] cheese - null
[2021-03-02T02:05:34.583] [DEBUG] cheese - null
[2021-03-02T02:11:33.659] [DEBUG] cheese - login => username:admin,password:123456
[2021-03-02T02:11:33.659] [DEBUG] cheese - admin
[2021-03-02T02:11:33.665] [DEBUG] cheese - null
[2021-03-02T02:11:33.665] [DEBUG] cheese - null
[2021-03-02T02:28:46.817] [DEBUG] cheese - login => username:admin,password:123456
[2021-03-02T02:28:46.817] [DEBUG] cheese - admin
[2021-03-02T02:28:46.822] [DEBUG] cheese - null
[2021-03-02T02:28:46.822] [DEBUG] cheese - null
[2021-03-02T10:28:19.029] [DEBUG] cheese - login => username:admin,password:123456
[2021-03-02T10:28:19.030] [DEBUG] cheese - admin
[2021-03-02T10:28:19.097] [DEBUG] cheese - null
[2021-03-02T10:28:19.097] [DEBUG] cheese - null
[2021-03-02T13:30:03.381] [DEBUG] cheese - login => username:admin,password:123456
[2021-03-02T13:30:03.387] [DEBUG] cheese - admin
[2021-03-02T13:30:03.402] [DEBUG] cheese - null
[2021-03-02T13:30:03.402] [DEBUG] cheese - null
[2021-03-02T14:23:51.227] [DEBUG] cheese - login => username:admin,password:123456
[2021-03-02T14:23:51.228] [DEBUG] cheese - admin
[2021-03-02T14:23:51.237] [DEBUG] cheese - null
[2021-03-02T14:23:51.237] [DEBUG] cheese - null
[2021-03-03T23:31:09.444] [DEBUG] cheese - login => username:admin,password:123456
[2021-03-03T23:31:09.445] [DEBUG] cheese - admin
[2021-03-03T23:31:09.513] [DEBUG] cheese - null
[2021-03-03T23:31:09.513] [DEBUG] cheese - null
[2021-03-04T00:04:19.688] [DEBUG] cheese - login => username:admin,password:123456
[2021-03-04T00:04:19.689] [DEBUG] cheese - admin
[2021-03-04T00:04:19.718] [DEBUG] cheese - null
[2021-03-04T00:04:19.719] [DEBUG] cheese - null
[2021-03-04T00:04:30.823] [DEBUG] cheese - login => username:admin,password:123456
[2021-03-04T00:04:30.823] [DEBUG] cheese - admin
[2021-03-04T00:04:30.826] [DEBUG] cheese - null
[2021-03-04T00:04:30.826] [DEBUG] cheese - null
[2021-03-04T01:09:03.915] [DEBUG] cheese - login => username:admin,password:123456
[2021-03-04T01:09:03.916] [DEBUG] cheese - admin
[2021-03-04T01:09:03.977] [DEBUG] cheese - null
[2021-03-04T01:09:03.978] [DEBUG] cheese - null
[2021-03-04T22:01:15.863] [DEBUG] cheese - login => username:admin,password:123456
[2021-03-04T22:01:15.864] [DEBUG] cheese - admin
[2021-03-04T22:01:15.925] [DEBUG] cheese - null
[2021-03-04T22:01:15.925] [DEBUG] cheese - null
